<?xml version="1.0" encoding="UTF-8"?>
<!-- Generated by org.testng.reporters.JUnitXMLReporter -->
<testsuite ignored="0" hostname="Praveens-MacBook-Air.local" failures="1" tests="3" name="Error Validation Test" time="12.571" errors="0" timestamp="2025-12-12T16:07:38 IST">
  <testcase classname="FirstFramework.tests.ErrorValidationsTest" name="LoginErrorValidation" time="0.331">
    <skipped/>
  </testcase> <!-- LoginErrorValidation -->
  <testcase classname="FirstFramework.tests.ErrorValidationsTest" name="LoginErrorValidation" time="0.824">
    <failure type="java.lang.AssertionError" message="expected [Incorrect email or password.] but found [Incorrect email password.]">
      <![CDATA[java.lang.AssertionError: expected [Incorrect email or password.] but found [Incorrect email password.]
at FirstFramework.tests.ErrorValidationsTest.LoginErrorValidation(ErrorValidationsTest.java:32)
at java.base/java.util.ArrayList.forEach(ArrayList.java:1596)
at java.base/java.util.concurrent.FutureTask.run(FutureTask.java:317)
at java.base/java.util.concurrent.ThreadPoolExecutor.runWorker(ThreadPoolExecutor.java:1144)
at java.base/java.util.concurrent.ThreadPoolExecutor$Worker.run(ThreadPoolExecutor.java:642)
at java.base/java.lang.Thread.run(Thread.java:1583)
... Removed 21 stack frames]]>
    </failure>
  </testcase> <!-- LoginErrorValidation -->
  <testcase classname="FirstFramework.tests.ErrorValidationsTest" name="ProductErrorValidation" time="1.917"/>
</testsuite> <!-- Error Validation Test -->
