<?xml version="1.0" encoding="UTF-8"?>
<!-- Generated by org.testng.reporters.JUnitXMLReporter -->
<testsuite ignored="0" hostname="Praveens-MacBook-Air.local" failures="0" tests="3" name="Submit Order Test" time="19.984" errors="0" timestamp="2025-12-12T16:07:46 IST">
  <testcase classname="FirstFramework.tests.SubmitOrderTest" name="submitOrder" time="5.717"/>
  <testcase classname="FirstFramework.tests.SubmitOrderTest" name="submitOrder" time="5.577"/>
  <testcase classname="FirstFramework.tests.SubmitOrderTest" name="OrderHistoryTest" time="0.439"/>
</testsuite> <!-- Submit Order Test -->
