<?xml version="1.0" encoding="UTF-8"?>
<!-- Generated by org.testng.reporters.JUnitXMLReporter -->
<testsuite ignored="0" hostname="Praveens-MacBook-Air.local" failures="0" tests="2" name="Error Validation Test" time="19.387" errors="0" timestamp="2025-12-23T20:52:34 IST">
  <testcase classname="FirstFramework.tests.ErrorValidationsTest" name="LoginErrorValidation" time="0.842"/>
  <testcase classname="FirstFramework.tests.ErrorValidationsTest" name="ProductErrorValidation" time="11.817"/>
</testsuite> <!-- Error Validation Test -->
