<?xml version="1.0" encoding="UTF-8"?>
<!-- Generated by org.testng.reporters.JUnitReportReporter -->
<testsuite hostname="Praveens-MacBook-Air.local" failures="0" tests="2" name="FirstFramework.tests.ErrorValidationsTest" time="6.839" errors="0" timestamp="2025-12-23T21:18:34 IST" skipped="0">
  <testcase classname="FirstFramework.tests.ErrorValidationsTest" name="ProductErrorValidation" time="4.228"/>
  <testcase classname="FirstFramework.tests.ErrorValidationsTest" name="LoginErrorValidation" time="2.611"/>
</testsuite> <!-- FirstFramework.tests.ErrorValidationsTest -->
