<?xml version="1.0" encoding="UTF-8"?>
<!-- Generated by org.testng.reporters.JUnitReportReporter -->
<testsuite hostname="Praveens-MacBook-Air.local" failures="0" tests="2" name="FirstFramework.tests.ErrorValidationsTest" time="19.370" errors="0" timestamp="2025-12-23T20:52:45 IST" skipped="0">
  <testcase classname="FirstFramework.tests.ErrorValidationsTest" name="ProductErrorValidation" time="13.649"/>
  <testcase classname="FirstFramework.tests.ErrorValidationsTest" name="LoginErrorValidation" time="5.721"/>
</testsuite> <!-- FirstFramework.tests.ErrorValidationsTest -->
